<?xml version="1.0" encoding="UTF-8"?>
<!-- Generated by org.testng.reporters.JUnitReportReporter -->
<testsuite skipped="0" hostname="LAPTOP-2C0613A2" name="IrctcTicketBooking.Tests" tests="1" failures="0" timestamp="14 Mar 2022 13:48:34 GMT" time="12.720" errors="0">
  <testcase name="grid" time="12.720" classname="IrctcTicketBooking.Tests"/>
</testsuite> <!-- IrctcTicketBooking.Tests -->
