<?xml version="1.0" encoding="UTF-8"?>
<!-- Generated by org.testng.reporters.JUnitReportReporter -->
<testsuite skipped="0" hostname="LAPTOP-2C0613A2" name="IrctcTicketBooking.irctctTicketBooking" tests="1" failures="0" timestamp="1 Jan 2022 16:10:54 GMT" time="12.097" errors="0">
  <testcase name="BookTicket" time="12.097" classname="IrctcTicketBooking.irctctTicketBooking"/>
</testsuite> <!-- IrctcTicketBooking.irctctTicketBooking -->
